<?xml version="1.0" encoding="UTF-8"?>
<testsuites>
  <testsuite name="fastlane.lanes">
    
    
    
      
      <testcase classname="fastlane.lanes" name="0: default_platform" time="0.000323616">
        
      </testcase>
    
      
      <testcase classname="fastlane.lanes" name="1: test" time="1.587204003">
        
          <failure message="/usr/share/gems/gems/fastlane-2.213.0/fastlane/lib/fastlane/actions/actions_helper.rb:67:in `execute_action&apos;&#10;/usr/share/gems/gems/fastlane-2.213.0/fastlane/lib/fastlane/runner.rb:255:in `block in execute_action&apos;&#10;/usr/share/gems/gems/fastlane-2.213.0/fastlane/lib/fastlane/runner.rb:229:in `chdir&apos;&#10;/usr/share/gems/gems/fastlane-2.213.0/fastlane/lib/fastlane/runner.rb:229:in `execute_action&apos;&#10;/usr/share/gems/gems/fastlane-2.213.0/fastlane/lib/fastlane/runner.rb:157:in `trigger_action_by_name&apos;&#10;/usr/share/gems/gems/fastlane-2.213.0/fastlane/lib/fastlane/fast_file.rb:159:in `method_missing&apos;&#10;Fastfile:21:in `block (2 levels) in parsing_binding&apos;&#10;/usr/share/gems/gems/fastlane-2.213.0/fastlane/lib/fastlane/lane.rb:33:in `call&apos;&#10;/usr/share/gems/gems/fastlane-2.213.0/fastlane/lib/fastlane/runner.rb:49:in `block in execute&apos;&#10;/usr/share/gems/gems/fastlane-2.213.0/fastlane/lib/fastlane/runner.rb:45:in `chdir&apos;&#10;/usr/share/gems/gems/fastlane-2.213.0/fastlane/lib/fastlane/runner.rb:45:in `execute&apos;&#10;/usr/share/gems/gems/fastlane-2.213.0/fastlane/lib/fastlane/lane_manager.rb:47:in `cruise_lane&apos;&#10;/usr/share/gems/gems/fastlane-2.213.0/fastlane/lib/fastlane/command_line_handler.rb:36:in `handle&apos;&#10;/usr/share/gems/gems/fastlane-2.213.0/fastlane/lib/fastlane/commands_generator.rb:110:in `block (2 levels) in run&apos;&#10;/usr/share/gems/gems/commander-4.6.0/lib/commander/command.rb:187:in `call&apos;&#10;/usr/share/gems/gems/commander-4.6.0/lib/commander/command.rb:157:in `run&apos;&#10;/usr/share/gems/gems/commander-4.6.0/lib/commander/runner.rb:444:in `run_active_command&apos;&#10;/usr/share/gems/gems/fastlane-2.213.0/fastlane_core/lib/fastlane_core/ui/fastlane_runner.rb:124:in `run!&apos;&#10;/usr/share/gems/gems/commander-4.6.0/lib/commander/delegates.rb:18:in `run!&apos;&#10;/usr/share/gems/gems/fastlane-2.213.0/fastlane/lib/fastlane/commands_generator.rb:354:in `run&apos;&#10;/usr/share/gems/gems/fastlane-2.213.0/fastlane/lib/fastlane/commands_generator.rb:43:in `start&apos;&#10;/usr/share/gems/gems/fastlane-2.213.0/fastlane/lib/fastlane/cli_tools_distributor.rb:123:in `take_off&apos;&#10;/usr/share/gems/gems/fastlane-2.213.0/bin/fastlane:23:in `&lt;top (required)&gt;&apos;&#10;/usr/bin/fastlane:25:in `load&apos;&#10;/usr/bin/fastlane:25:in `&lt;top (required)&gt;&apos;&#10;/home/federal-squid/.local/share/gem/ruby/3.2.0/gems/bundler-2.4.13/lib/bundler/cli/exec.rb:58:in `load&apos;&#10;/home/federal-squid/.local/share/gem/ruby/3.2.0/gems/bundler-2.4.13/lib/bundler/cli/exec.rb:58:in `kernel_load&apos;&#10;/home/federal-squid/.local/share/gem/ruby/3.2.0/gems/bundler-2.4.13/lib/bundler/cli/exec.rb:23:in `run&apos;&#10;/home/federal-squid/.local/share/gem/ruby/3.2.0/gems/bundler-2.4.13/lib/bundler/cli.rb:492:in `exec&apos;&#10;/home/federal-squid/.local/share/gem/ruby/3.2.0/gems/bundler-2.4.13/lib/bundler/vendor/thor/lib/thor/command.rb:27:in `run&apos;&#10;/home/federal-squid/.local/share/gem/ruby/3.2.0/gems/bundler-2.4.13/lib/bundler/vendor/thor/lib/thor/invocation.rb:127:in `invoke_command&apos;&#10;/home/federal-squid/.local/share/gem/ruby/3.2.0/gems/bundler-2.4.13/lib/bundler/vendor/thor/lib/thor.rb:392:in `dispatch&apos;&#10;/home/federal-squid/.local/share/gem/ruby/3.2.0/gems/bundler-2.4.13/lib/bundler/cli.rb:34:in `dispatch&apos;&#10;/home/federal-squid/.local/share/gem/ruby/3.2.0/gems/bundler-2.4.13/lib/bundler/vendor/thor/lib/thor/base.rb:485:in `start&apos;&#10;/home/federal-squid/.local/share/gem/ruby/3.2.0/gems/bundler-2.4.13/lib/bundler/cli.rb:28:in `start&apos;&#10;/home/federal-squid/.local/share/gem/ruby/3.2.0/gems/bundler-2.4.13/exe/bundle:45:in `block in &lt;top (required)&gt;&apos;&#10;/home/federal-squid/.local/share/gem/ruby/3.2.0/gems/bundler-2.4.13/lib/bundler/friendly_errors.rb:117:in `with_friendly_errors&apos;&#10;/home/federal-squid/.local/share/gem/ruby/3.2.0/gems/bundler-2.4.13/exe/bundle:33:in `&lt;top (required)&gt;&apos;&#10;/home/federal-squid/bin/bundle:25:in `load&apos;&#10;/home/federal-squid/bin/bundle:25:in `&lt;main&gt;&apos;&#10;&#10;Exit status of command &apos;/mnt/sanswindows/Android/AndroidStudioProjects/MessyInk/gradlew test -p .&apos; was 1 instead of 0.&#10;&gt; Task :app:preBuild UP-TO-DATE&#10;&gt; Task :app:preDebugBuild UP-TO-DATE&#10;&gt; Task :app:checkDebugAarMetadata UP-TO-DATE&#10;&gt; Task :app:generateDebugResValues UP-TO-DATE&#10;&gt; Task :app:mapDebugSourceSetPaths UP-TO-DATE&#10;&gt; Task :app:generateDebugResources UP-TO-DATE&#10;&gt; Task :app:mergeDebugResources UP-TO-DATE&#10;&gt; Task :app:packageDebugResources UP-TO-DATE&#10;&gt; Task :app:parseDebugLocalResources UP-TO-DATE&#10;&gt; Task :app:createDebugCompatibleScreenManifests UP-TO-DATE&#10;&gt; Task :app:extractDeepLinksDebug UP-TO-DATE&#10;&gt; Task :app:processDebugMainManifest UP-TO-DATE&#10;&gt; Task :app:processDebugManifest UP-TO-DATE&#10;&gt; Task :app:processDebugManifestForPackage UP-TO-DATE&#10;&gt; Task :app:processDebugResources UP-TO-DATE&#10;&gt; Task :app:kspDebugKotlin UP-TO-DATE&#10;&gt; Task :app:kaptGenerateStubsDebugKotlin UP-TO-DATE&#10;&gt; Task :app:kaptDebugKotlin UP-TO-DATE&#10;&gt; Task :app:compileDebugKotlin UP-TO-DATE&#10;&gt; Task :app:javaPreCompileDebug UP-TO-DATE&#10;&gt; Task :app:compileDebugJavaWithJavac FAILED&#10;&#10;FAILURE: Build failed with an exception.&#10;&#10;* What went wrong:&#10;Execution failed for task &apos;:app:compileDebugJavaWithJavac&apos;.&#10;&gt; Could not resolve all files for configuration &apos;:app:androidJdkImage&apos;.&#10;   &gt; Failed to transform core-for-system-modules.jar to match attributes {artifactType=_internal_android_jdk_image, org.gradle.libraryelements=jar, org.gradle.usage=java-runtime}.&#10;      &gt; Execution failed for JdkImageTransform: /home/federal-squid/Android/Sdk/platforms/android-UpsideDownCake/core-for-system-modules.jar.&#10;         &gt; jlink executable /usr/lib/jvm/java-17-openjdk-17.0.7.0.7-5.fc38.x86_64/bin/jlink does not exist.&#10;&#10;* Try:&#10;&gt; Run with --stacktrace option to get the stack trace.&#10;&gt; Run with --info or --debug option to get more log output.&#10;&gt; Run with --scan to get full insights.&#10;&gt; Get more help at https://help.gradle.org.&#10;&#10;BUILD FAILED in 1s&#10;18 actionable tasks: 1 executed, 17 up-to-date&#10;" />
        
      </testcase>
    
  </testsuite>
</testsuites>
